\BOOKMARK [0][-]{chapter.1}{Vector bundles on Riemann surfaces}{}% 1
\BOOKMARK [1][-]{section.1.1}{Topological classification of vector bundles}{chapter.1}% 2
\BOOKMARK [1][-]{section.1.2}{The problem of classification of holomorphic vector bundles}{chapter.1}% 3
\BOOKMARK [1][-]{section.1.3}{Holomorphic structures as Dolbeaut operators}{chapter.1}% 4
\BOOKMARK [1][-]{section.1.4}{Deformations of holomorphic structures}{chapter.1}% 5
\BOOKMARK [1][-]{section.1.5}{Holomorphic structures and unitary connections}{chapter.1}% 6
\BOOKMARK [0][-]{chapter.2}{Momentum maps and symplectic quotients}{}% 7
\BOOKMARK [1][-]{section.2.1}{Banach manifolds}{chapter.2}% 8
\BOOKMARK [1][-]{section.2.2}{Symplectic manifolds and the momentum map}{chapter.2}% 9
\BOOKMARK [1][-]{section.2.3}{Symplectic reduction}{chapter.2}% 10
\BOOKMARK [1][-]{section.2.4}{The moduli space as a symplectic quotient}{chapter.2}% 11
\BOOKMARK [0][-]{chapter.3}{Higgs bundles and the Hitchin system}{}% 12
\BOOKMARK [1][-]{section.3.1}{The Hitchin system}{chapter.3}% 13
\BOOKMARK [1][-]{section.3.2}{The spectral correspondence}{chapter.3}% 14
\BOOKMARK [1][-]{section.3.3}{Hitchin's equations}{chapter.3}% 15
\BOOKMARK [1][-]{section.3.4}{Higgs bundles}{chapter.3}% 16
\BOOKMARK [1][-]{section.3.5}{Deformations of Higgs bundles}{chapter.3}% 17
\BOOKMARK [1][-]{section.3.6}{An algebraic view of the spectral correspondence}{chapter.3}% 18
\BOOKMARK [1][-]{section.3.7}{SL\(n,C\)-Higgs bundles}{chapter.3}% 19
\BOOKMARK [0][-]{chapter.4}{Higgs bundles twisted by a vector bundle}{}% 20
\BOOKMARK [1][-]{section.4.1}{Generalized Hitchin's equations}{chapter.4}% 21
\BOOKMARK [1][-]{section.4.2}{The generalized Hitchin system}{chapter.4}% 22
\BOOKMARK [1][-]{section.4.3}{The generalized spectral correspondence}{chapter.4}% 23
\BOOKMARK [1][-]{section.4.4}{Open questions and further directions}{chapter.4}% 24
